0 info it worked if it ends with ok
1 verbose cli [ '/usr/local/bin/node', '/usr/local/bin/npm', 'start' ]
2 info using npm@1.1.66
3 info using node@v0.8.15
4 verbose node symlink /usr/local/bin/node
5 verbose read json /home/michieljoris/mysrc/javascript/bb-server/bin/package.json
6 error Error: ENOENT, open '/home/michieljoris/mysrc/javascript/bb-server/bin/package.json'
7 error If you need help, you may report this log at:
7 error     <http://github.com/isaacs/npm/issues>
7 error or email it to:
7 error     <npm-@googlegroups.com>
8 error System Linux 3.5.0-17-generic
9 error command "/usr/local/bin/node" "/usr/local/bin/npm" "start"
10 error cwd /home/michieljoris/mysrc/javascript/bb-server/bin
11 error node -v v0.8.15
12 error npm -v 1.1.66
13 error path /home/michieljoris/mysrc/javascript/bb-server/bin/package.json
14 error code ENOENT
15 error errno 34
16 verbose exit [ 34, true ]
